<?xml version="1.0" encoding="UTF-8"?>
<!-- Generated by org.testng.reporters.JUnitXMLReporter -->
<testsuite ignored="0" hostname="Roopak07" failures="0" tests="3" name="Default test" time="0.154" errors="0" timestamp="2024-04-07T13:29:03 GMT-12:00">
  <testcase classname="firstPoject.Testng" name="getdata" time="0.023"/>
  <testcase classname="firstPoject.Testng" name="getdata" time="0.004"/>
  <testcase classname="firstPoject.Testng" name="getdata" time="0.004"/>
</testsuite> <!-- Default test -->
